--------------------------------------------------------------------------------
Makelog started: 2023-07-20 15:33:52
Working directory: /Users/simonepandit/Documents/GitHub/template_simone/data
--------------------------------------------------------------------------------
Input links successfully created!
External links successfully created!
Source logs successfully written!
WARNING! The following target files have been modified according to git status:
/Users/simonepandit/Documents/GitHub/template_simone/raw/tv.csv
/Users/simonepandit/Documents/GitHub/template_simone/raw/chips.csv
Version logs successfully written!
Executing command: `python  "/Users/simonepandit/Documents/GitHub/template_simone/data/code/merge_data.py" `
Executing command: `python  "/Users/simonepandit/Documents/GitHub/template_simone/data/code/clean_data.py" `
/Users/simonepandit/Documents/GitHub/template_simone/data/code/clean_data.py:20: SettingWithCopyWarning: 
A value is trying to be set on a copy of a slice from a DataFrame

See the caveats in the documentation: https://pandas.pydata.org/pandas-docs/stable/user_guide/indexing.html#returning-a-view-versus-a-copy
  df['chips_sold'][df['chips_sold'] == -999999] = np.NaN

Output logs successfully written!
--------------------------------------------------------------------------------
Makelog ended: 2023-07-20 15:33:57
Working directory: /Users/simonepandit/Documents/GitHub/template_simone/data
--------------------------------------------------------------------------------
